<?xml version="1.0" encoding="UTF-8"?>
<robot generator="Robot 3.1.2 (Python 3.7.4 on win32)" generated="20191031 15:15:14.722" rpa="false">
<suite id="s1" name="正式考试管理" source="G:\卫宁\卫宁医务管理软件\测试用例\考试培训\正式考试管理">
<suite id="s1-s1" name="新增" source="G:\卫宁\卫宁医务管理软件\测试用例\考试培训\正式考试管理\新增.robot">
<test id="s1-s1-t1" name="正常新增">
<kw name="Open Browser" library="Selenium2Library">
<doc>Opens a new browser instance to the given ``url``.</doc>
<arguments>
<arg>http://www.baidu.com</arg>
<arg>chrome</arg>
</arguments>
<msg timestamp="20191031 15:15:14.884" level="INFO">Opening browser 'chrome' to base url 'http://www.baidu.com'.</msg>
<status status="PASS" starttime="20191031 15:15:14.884" endtime="20191031 15:15:18.024"></status>
</kw>
<kw name="Input Text" library="Selenium2Library">
<doc>Types the given ``text`` into the text field identified by ``locator``.</doc>
<arguments>
<arg>id=kw</arg>
<arg>测试</arg>
</arguments>
<msg timestamp="20191031 15:15:18.024" level="INFO">Typing text '测试' into text field 'id=kw'.</msg>
<status status="PASS" starttime="20191031 15:15:18.024" endtime="20191031 15:15:18.119"></status>
</kw>
<kw name="Click Button" library="Selenium2Library">
<doc>Clicks the button identified by ``locator``.</doc>
<arguments>
<arg>id=su</arg>
</arguments>
<msg timestamp="20191031 15:15:18.120" level="INFO">Clicking button 'id=su'.</msg>
<status status="PASS" starttime="20191031 15:15:18.120" endtime="20191031 15:15:18.206"></status>
</kw>
<kw name="Close Browser" library="Selenium2Library">
<doc>Closes the current browser.</doc>
<status status="PASS" starttime="20191031 15:15:18.207" endtime="20191031 15:15:20.347"></status>
</kw>
<status status="PASS" starttime="20191031 15:15:14.883" endtime="20191031 15:15:20.348" critical="yes"></status>
</test>
<status status="PASS" starttime="20191031 15:15:14.748" endtime="20191031 15:15:20.350"></status>
</suite>
<status status="PASS" starttime="20191031 15:15:14.725" endtime="20191031 15:15:20.357"></status>
</suite>
<statistics>
<total>
<stat pass="1" fail="0">Critical Tests</stat>
<stat pass="1" fail="0">All Tests</stat>
</total>
<tag>
</tag>
<suite>
<stat pass="1" fail="0" id="s1" name="正式考试管理">正式考试管理</stat>
<stat pass="1" fail="0" id="s1-s1" name="新增">正式考试管理.新增</stat>
</suite>
</statistics>
<errors>
</errors>
</robot>
